<?xml version="1.0" encoding="UTF-8"?>
<!-- Generated by org.testng.reporters.JUnitReportReporter -->
<testsuite hostname="DESKTOP-BK18PU9" failures="0" tests="2" name="com.adarsh.tests.PlaceOrder" time="28.048" errors="0" timestamp="2024-05-30T09:14:00 IST" skipped="0">
  <testcase classname="com.adarsh.tests.PlaceOrder" name="viewOrderHistory" time="12.990"/>
  <system-out/>
  <testcase classname="com.adarsh.tests.PlaceOrder" name="purchaseOrder" time="15.058"/>
  <system-out/>
</testsuite> <!-- com.adarsh.tests.PlaceOrder -->
