<?xml version="1.0" encoding="UTF-8"?>
<!-- Generated by org.testng.reporters.JUnitReportReporter -->
<testsuite hostname="DESKTOP-BK18PU9" failures="0" tests="1" name="com.adarsh.tests.ErrorValidations" time="13.823" errors="0" timestamp="2024-05-30T10:05:48 IST" skipped="0">
  <testcase classname="com.adarsh.tests.ErrorValidations" name="errorHandling" time="13.823"/>
  <system-out/>
</testsuite> <!-- com.adarsh.tests.ErrorValidations -->
